0 info it worked if it ends with ok
1 verbose cli [ 'C:\\Program Files\\nodejs\\node.exe',
1 verbose cli   'C:\\Users\\Saurabh Shankariya\\AppData\\Roaming\\npm\\node_modules\\npm\\bin\\npm-cli.js',
1 verbose cli   'install',
1 verbose cli   'ng-resource@1.2.16',
1 verbose cli   '--save' ]
2 info using npm@3.5.0
3 info using node@v4.0.0
4 silly loadCurrentTree Starting
5 silly install loadCurrentTree
6 silly install readLocalPackageData
7 silly fetchPackageMetaData ng-resource@1.2.16
8 silly fetchNamedPackageData ng-resource
9 silly mapToRegistry name ng-resource
10 silly mapToRegistry using default registry
11 silly mapToRegistry registry https://registry.npmjs.org/
12 silly mapToRegistry uri https://registry.npmjs.org/ng-resource
13 verbose request uri https://registry.npmjs.org/ng-resource
14 verbose request no auth needed
15 info attempt registry request try #1 at 5:03:39 PM
16 verbose request id 3cd211fa68f89b96
17 verbose etag "30KLV2JU1VUIOVD53ZUPMH238"
18 http request GET https://registry.npmjs.org/ng-resource
19 http 304 https://registry.npmjs.org/ng-resource
20 verbose headers { date: 'Sun, 14 Feb 2016 11:33:49 GMT',
20 verbose headers   via: '1.1 varnish',
20 verbose headers   'cache-control': 'max-age=300',
20 verbose headers   etag: '"30KLV2JU1VUIOVD53ZUPMH238"',
20 verbose headers   age: '0',
20 verbose headers   connection: 'keep-alive',
20 verbose headers   'x-served-by': 'cache-sin6921-SIN',
20 verbose headers   'x-cache': 'MISS',
20 verbose headers   'x-cache-hits': '0',
20 verbose headers   'x-timer': 'S1455449629.858594,VS0,VE803',
20 verbose headers   vary: 'Accept' }
21 silly get cb [ 304,
21 silly get   { date: 'Sun, 14 Feb 2016 11:33:49 GMT',
21 silly get     via: '1.1 varnish',
21 silly get     'cache-control': 'max-age=300',
21 silly get     etag: '"30KLV2JU1VUIOVD53ZUPMH238"',
21 silly get     age: '0',
21 silly get     connection: 'keep-alive',
21 silly get     'x-served-by': 'cache-sin6921-SIN',
21 silly get     'x-cache': 'MISS',
21 silly get     'x-cache-hits': '0',
21 silly get     'x-timer': 'S1455449629.858594,VS0,VE803',
21 silly get     vary: 'Accept' } ]
22 verbose etag https://registry.npmjs.org/ng-resource from cache
23 verbose get saving ng-resource to C:\Users\Saurabh Shankariya\AppData\Roaming\npm-cache\registry.npmjs.org\ng-resource\.cache.json
24 silly fetchPackageMetaData Error: No compatible version found: ng-resource@1.2.16
24 silly fetchPackageMetaData Valid install targets:
24 silly fetchPackageMetaData 1.3.2, 1.2.18, 1.2.18-2
24 silly fetchPackageMetaData
24 silly fetchPackageMetaData     at pickVersionFromRegistryDocument (C:\Users\Saurabh Shankariya\AppData\Roaming\npm\node_modules\npm\lib\fetch-package-metadata.js:156:16)
24 silly fetchPackageMetaData     at C:\Users\Saurabh Shankariya\AppData\Roaming\npm\node_modules\npm\node_modules\iferr\index.js:13:50
24 silly fetchPackageMetaData     at C:\Users\Saurabh Shankariya\AppData\Roaming\npm\node_modules\npm\lib\utils\pulse-till-done.js:19:8
24 silly fetchPackageMetaData     at saved (C:\Users\Saurabh Shankariya\AppData\Roaming\npm\node_modules\npm\lib\cache\caching-client.js:168:7)
24 silly fetchPackageMetaData     at C:\Users\Saurabh Shankariya\AppData\Roaming\npm\node_modules\npm\node_modules\graceful-fs\polyfills.js:210:7
24 silly fetchPackageMetaData     at FSReqWrap.oncomplete (fs.js:82:15)
24 silly fetchPackageMetaData  error for ng-resource@1.2.16 [Error: No compatible version found: ng-resource@1.2.16
24 silly fetchPackageMetaData Valid install targets:
24 silly fetchPackageMetaData 1.3.2, 1.2.18, 1.2.18-2
24 silly fetchPackageMetaData ]
25 silly rollbackFailedOptional Starting
26 silly rollbackFailedOptional Finishing
27 silly runTopLevelLifecycles Starting
28 silly runTopLevelLifecycles Finishing
29 silly install printInstalled
30 verbose stack Error: No compatible version found: ng-resource@1.2.16
30 verbose stack Valid install targets:
30 verbose stack 1.3.2, 1.2.18, 1.2.18-2
30 verbose stack
30 verbose stack     at pickVersionFromRegistryDocument (C:\Users\Saurabh Shankariya\AppData\Roaming\npm\node_modules\npm\lib\fetch-package-metadata.js:156:16)
30 verbose stack     at C:\Users\Saurabh Shankariya\AppData\Roaming\npm\node_modules\npm\node_modules\iferr\index.js:13:50
30 verbose stack     at C:\Users\Saurabh Shankariya\AppData\Roaming\npm\node_modules\npm\lib\utils\pulse-till-done.js:19:8
30 verbose stack     at saved (C:\Users\Saurabh Shankariya\AppData\Roaming\npm\node_modules\npm\lib\cache\caching-client.js:168:7)
30 verbose stack     at C:\Users\Saurabh Shankariya\AppData\Roaming\npm\node_modules\npm\node_modules\graceful-fs\polyfills.js:210:7
30 verbose stack     at FSReqWrap.oncomplete (fs.js:82:15)
31 verbose cwd C:\Users\Saurabh Shankariya\Desktop\Start_Node\Bookmark_App
32 error Windows_NT 10.0.10240
33 error argv "C:\\Program Files\\nodejs\\node.exe" "C:\\Users\\Saurabh Shankariya\\AppData\\Roaming\\npm\\node_modules\\npm\\bin\\npm-cli.js" "install" "ng-resource@1.2.16" "--save"
34 error node v4.0.0
35 error npm  v3.5.0
36 error No compatible version found: ng-resource@1.2.16
36 error Valid install targets:
36 error 1.3.2, 1.2.18, 1.2.18-2
37 error If you need help, you may report this error at:
37 error     <https://github.com/npm/npm/issues>
38 verbose exit [ 1, true ]
